0 info it worked if it ends with ok
1 verbose cli [ '/usr/bin/node', '/usr/bin/npm', 'install' ]
2 info using npm@1.3.11
3 info using node@v0.10.21
4 verbose node symlink /usr/bin/node
5 verbose readDependencies using package.json deps
6 verbose install where, deps [ '/home/ben/Code/datadesk/open/copyboy/repo',
6 verbose install   [ 'hubot',
6 verbose install     'hubot-irc',
6 verbose install     'optparse',
6 verbose install     'hubot-scripts',
6 verbose install     'htmlparser',
6 verbose install     'soupselect',
6 verbose install     'markov',
6 verbose install     'randomstring' ] ]
7 info preinstall hosted-hubot@2.4.6
8 verbose readDependencies using package.json deps
9 verbose cache add [ 'hubot@2.7.1', null ]
10 verbose cache add name=undefined spec="hubot@2.7.1" args=["hubot@2.7.1",null]
11 verbose parsed url { protocol: null,
11 verbose parsed url   slashes: null,
11 verbose parsed url   auth: null,
11 verbose parsed url   host: null,
11 verbose parsed url   port: null,
11 verbose parsed url   hostname: null,
11 verbose parsed url   hash: null,
11 verbose parsed url   search: null,
11 verbose parsed url   query: null,
11 verbose parsed url   pathname: 'hubot@2.7.1',
11 verbose parsed url   path: 'hubot@2.7.1',
11 verbose parsed url   href: 'hubot@2.7.1' }
12 verbose cache add name="hubot" spec="2.7.1" args=["hubot","2.7.1"]
13 verbose parsed url { protocol: null,
13 verbose parsed url   slashes: null,
13 verbose parsed url   auth: null,
13 verbose parsed url   host: null,
13 verbose parsed url   port: null,
13 verbose parsed url   hostname: null,
13 verbose parsed url   hash: null,
13 verbose parsed url   search: null,
13 verbose parsed url   query: null,
13 verbose parsed url   pathname: '2.7.1',
13 verbose parsed url   path: '2.7.1',
13 verbose parsed url   href: '2.7.1' }
14 verbose addNamed [ 'hubot', '2.7.1' ]
15 verbose addNamed [ '2.7.1', '2.7.1' ]
16 verbose cache add [ 'hubot-irc@0.1.25', null ]
17 verbose cache add name=undefined spec="hubot-irc@0.1.25" args=["hubot-irc@0.1.25",null]
18 verbose parsed url { protocol: null,
18 verbose parsed url   slashes: null,
18 verbose parsed url   auth: null,
18 verbose parsed url   host: null,
18 verbose parsed url   port: null,
18 verbose parsed url   hostname: null,
18 verbose parsed url   hash: null,
18 verbose parsed url   search: null,
18 verbose parsed url   query: null,
18 verbose parsed url   pathname: 'hubot-irc@0.1.25',
18 verbose parsed url   path: 'hubot-irc@0.1.25',
18 verbose parsed url   href: 'hubot-irc@0.1.25' }
19 verbose cache add name="hubot-irc" spec="0.1.25" args=["hubot-irc","0.1.25"]
20 verbose parsed url { protocol: null,
20 verbose parsed url   slashes: null,
20 verbose parsed url   auth: null,
20 verbose parsed url   host: null,
20 verbose parsed url   port: null,
20 verbose parsed url   hostname: null,
20 verbose parsed url   hash: null,
20 verbose parsed url   search: null,
20 verbose parsed url   query: null,
20 verbose parsed url   pathname: '0.1.25',
20 verbose parsed url   path: '0.1.25',
20 verbose parsed url   href: '0.1.25' }
21 verbose addNamed [ 'hubot-irc', '0.1.25' ]
22 verbose addNamed [ '0.1.25', '0.1.25' ]
23 silly lockFile 6a33d8b2-hubot-2-7-1 hubot@2.7.1
24 verbose lock hubot@2.7.1 /home/ben/.npm/6a33d8b2-hubot-2-7-1.lock
25 silly lockFile baa5643c-hubot-irc-0-1-25 hubot-irc@0.1.25
26 verbose lock hubot-irc@0.1.25 /home/ben/.npm/baa5643c-hubot-irc-0-1-25.lock
27 verbose cache add [ 'hubot-scripts@2.5.4', null ]
28 verbose cache add name=undefined spec="hubot-scripts@2.5.4" args=["hubot-scripts@2.5.4",null]
29 verbose parsed url { protocol: null,
29 verbose parsed url   slashes: null,
29 verbose parsed url   auth: null,
29 verbose parsed url   host: null,
29 verbose parsed url   port: null,
29 verbose parsed url   hostname: null,
29 verbose parsed url   hash: null,
29 verbose parsed url   search: null,
29 verbose parsed url   query: null,
29 verbose parsed url   pathname: 'hubot-scripts@2.5.4',
29 verbose parsed url   path: 'hubot-scripts@2.5.4',
29 verbose parsed url   href: 'hubot-scripts@2.5.4' }
30 verbose cache add name="hubot-scripts" spec="2.5.4" args=["hubot-scripts","2.5.4"]
31 verbose parsed url { protocol: null,
31 verbose parsed url   slashes: null,
31 verbose parsed url   auth: null,
31 verbose parsed url   host: null,
31 verbose parsed url   port: null,
31 verbose parsed url   hostname: null,
31 verbose parsed url   hash: null,
31 verbose parsed url   search: null,
31 verbose parsed url   query: null,
31 verbose parsed url   pathname: '2.5.4',
31 verbose parsed url   path: '2.5.4',
31 verbose parsed url   href: '2.5.4' }
32 verbose addNamed [ 'hubot-scripts', '2.5.4' ]
33 verbose addNamed [ '2.5.4', '2.5.4' ]
34 silly lockFile 17ad139f-hubot-scripts-2-5-4 hubot-scripts@2.5.4
35 verbose lock hubot-scripts@2.5.4 /home/ben/.npm/17ad139f-hubot-scripts-2-5-4.lock
36 verbose cache add [ 'optparse@1.0.5', null ]
37 verbose cache add name=undefined spec="optparse@1.0.5" args=["optparse@1.0.5",null]
38 verbose parsed url { protocol: null,
38 verbose parsed url   slashes: null,
38 verbose parsed url   auth: null,
38 verbose parsed url   host: null,
38 verbose parsed url   port: null,
38 verbose parsed url   hostname: null,
38 verbose parsed url   hash: null,
38 verbose parsed url   search: null,
38 verbose parsed url   query: null,
38 verbose parsed url   pathname: 'optparse@1.0.5',
38 verbose parsed url   path: 'optparse@1.0.5',
38 verbose parsed url   href: 'optparse@1.0.5' }
39 verbose cache add name="optparse" spec="1.0.5" args=["optparse","1.0.5"]
40 verbose parsed url { protocol: null,
40 verbose parsed url   slashes: null,
40 verbose parsed url   auth: null,
40 verbose parsed url   host: null,
40 verbose parsed url   port: null,
40 verbose parsed url   hostname: null,
40 verbose parsed url   hash: null,
40 verbose parsed url   search: null,
40 verbose parsed url   query: null,
40 verbose parsed url   pathname: '1.0.5',
40 verbose parsed url   path: '1.0.5',
40 verbose parsed url   href: '1.0.5' }
41 verbose addNamed [ 'optparse', '1.0.5' ]
42 verbose addNamed [ '1.0.5', '1.0.5' ]
43 silly lockFile 756da43d-optparse-1-0-5 optparse@1.0.5
44 verbose lock optparse@1.0.5 /home/ben/.npm/756da43d-optparse-1-0-5.lock
45 verbose cache add [ 'htmlparser@1.7.6', null ]
46 verbose cache add name=undefined spec="htmlparser@1.7.6" args=["htmlparser@1.7.6",null]
47 verbose parsed url { protocol: null,
47 verbose parsed url   slashes: null,
47 verbose parsed url   auth: null,
47 verbose parsed url   host: null,
47 verbose parsed url   port: null,
47 verbose parsed url   hostname: null,
47 verbose parsed url   hash: null,
47 verbose parsed url   search: null,
47 verbose parsed url   query: null,
47 verbose parsed url   pathname: 'htmlparser@1.7.6',
47 verbose parsed url   path: 'htmlparser@1.7.6',
47 verbose parsed url   href: 'htmlparser@1.7.6' }
48 verbose cache add name="htmlparser" spec="1.7.6" args=["htmlparser","1.7.6"]
49 verbose parsed url { protocol: null,
49 verbose parsed url   slashes: null,
49 verbose parsed url   auth: null,
49 verbose parsed url   host: null,
49 verbose parsed url   port: null,
49 verbose parsed url   hostname: null,
49 verbose parsed url   hash: null,
49 verbose parsed url   search: null,
49 verbose parsed url   query: null,
49 verbose parsed url   pathname: '1.7.6',
49 verbose parsed url   path: '1.7.6',
49 verbose parsed url   href: '1.7.6' }
50 verbose addNamed [ 'htmlparser', '1.7.6' ]
51 verbose addNamed [ '1.7.6', '1.7.6' ]
52 silly lockFile 1f8880a7-htmlparser-1-7-6 htmlparser@1.7.6
53 verbose lock htmlparser@1.7.6 /home/ben/.npm/1f8880a7-htmlparser-1-7-6.lock
54 verbose cache add [ 'soupselect@0.2.0', null ]
55 verbose cache add name=undefined spec="soupselect@0.2.0" args=["soupselect@0.2.0",null]
56 verbose parsed url { protocol: null,
56 verbose parsed url   slashes: null,
56 verbose parsed url   auth: null,
56 verbose parsed url   host: null,
56 verbose parsed url   port: null,
56 verbose parsed url   hostname: null,
56 verbose parsed url   hash: null,
56 verbose parsed url   search: null,
56 verbose parsed url   query: null,
56 verbose parsed url   pathname: 'soupselect@0.2.0',
56 verbose parsed url   path: 'soupselect@0.2.0',
56 verbose parsed url   href: 'soupselect@0.2.0' }
57 verbose cache add name="soupselect" spec="0.2.0" args=["soupselect","0.2.0"]
58 verbose parsed url { protocol: null,
58 verbose parsed url   slashes: null,
58 verbose parsed url   auth: null,
58 verbose parsed url   host: null,
58 verbose parsed url   port: null,
58 verbose parsed url   hostname: null,
58 verbose parsed url   hash: null,
58 verbose parsed url   search: null,
58 verbose parsed url   query: null,
58 verbose parsed url   pathname: '0.2.0',
58 verbose parsed url   path: '0.2.0',
58 verbose parsed url   href: '0.2.0' }
59 verbose addNamed [ 'soupselect', '0.2.0' ]
60 verbose addNamed [ '0.2.0', '0.2.0' ]
61 silly lockFile 1cbd22ed-soupselect-0-2-0 soupselect@0.2.0
62 verbose lock soupselect@0.2.0 /home/ben/.npm/1cbd22ed-soupselect-0-2-0.lock
63 verbose cache add [ 'markov@0.0.6', null ]
64 verbose cache add name=undefined spec="markov@0.0.6" args=["markov@0.0.6",null]
65 verbose parsed url { protocol: null,
65 verbose parsed url   slashes: null,
65 verbose parsed url   auth: null,
65 verbose parsed url   host: null,
65 verbose parsed url   port: null,
65 verbose parsed url   hostname: null,
65 verbose parsed url   hash: null,
65 verbose parsed url   search: null,
65 verbose parsed url   query: null,
65 verbose parsed url   pathname: 'markov@0.0.6',
65 verbose parsed url   path: 'markov@0.0.6',
65 verbose parsed url   href: 'markov@0.0.6' }
66 verbose cache add name="markov" spec="0.0.6" args=["markov","0.0.6"]
67 verbose parsed url { protocol: null,
67 verbose parsed url   slashes: null,
67 verbose parsed url   auth: null,
67 verbose parsed url   host: null,
67 verbose parsed url   port: null,
67 verbose parsed url   hostname: null,
67 verbose parsed url   hash: null,
67 verbose parsed url   search: null,
67 verbose parsed url   query: null,
67 verbose parsed url   pathname: '0.0.6',
67 verbose parsed url   path: '0.0.6',
67 verbose parsed url   href: '0.0.6' }
68 verbose addNamed [ 'markov', '0.0.6' ]
69 verbose addNamed [ '0.0.6', '0.0.6' ]
70 silly lockFile cf204d37-markov-0-0-6 markov@0.0.6
71 verbose lock markov@0.0.6 /home/ben/.npm/cf204d37-markov-0-0-6.lock
72 verbose cache add [ 'randomstring@>=0.0.1', null ]
73 verbose cache add name=undefined spec="randomstring@>=0.0.1" args=["randomstring@>=0.0.1",null]
74 verbose parsed url { protocol: null,
74 verbose parsed url   slashes: null,
74 verbose parsed url   auth: null,
74 verbose parsed url   host: null,
74 verbose parsed url   port: null,
74 verbose parsed url   hostname: null,
74 verbose parsed url   hash: null,
74 verbose parsed url   search: null,
74 verbose parsed url   query: null,
74 verbose parsed url   pathname: 'randomstring@%3E=0.0.1',
74 verbose parsed url   path: 'randomstring@%3E=0.0.1',
74 verbose parsed url   href: 'randomstring@%3E=0.0.1' }
75 verbose cache add name="randomstring" spec=">=0.0.1" args=["randomstring",">=0.0.1"]
76 verbose parsed url { protocol: null,
76 verbose parsed url   slashes: null,
76 verbose parsed url   auth: null,
76 verbose parsed url   host: null,
76 verbose parsed url   port: null,
76 verbose parsed url   hostname: null,
76 verbose parsed url   hash: null,
76 verbose parsed url   search: null,
76 verbose parsed url   query: null,
76 verbose parsed url   pathname: '%3E=0.0.1',
76 verbose parsed url   path: '%3E=0.0.1',
76 verbose parsed url   href: '%3E=0.0.1' }
77 verbose addNamed [ 'randomstring', '>=0.0.1' ]
78 verbose addNamed [ null, '>=0.0.1' ]
79 silly lockFile cdd8c711-randomstring-0-0-1 randomstring@>=0.0.1
80 verbose lock randomstring@>=0.0.1 /home/ben/.npm/cdd8c711-randomstring-0-0-1.lock
81 silly addNameRange { name: 'randomstring', range: '>=0.0.1', hasData: false }
82 verbose url raw hubot/2.7.1
83 verbose url resolving [ 'https://registry.npmjs.org/', './hubot/2.7.1' ]
84 verbose url resolved https://registry.npmjs.org/hubot/2.7.1
85 info trying registry request attempt 1 at 16:35:02
86 verbose etag "P8UTRJVRN9V6JGI2NJ8R42JB"
87 http GET https://registry.npmjs.org/hubot/2.7.1
88 verbose url raw hubot-irc/0.1.25
89 verbose url resolving [ 'https://registry.npmjs.org/', './hubot-irc/0.1.25' ]
90 verbose url resolved https://registry.npmjs.org/hubot-irc/0.1.25
91 info trying registry request attempt 1 at 16:35:02
92 verbose etag "AOII39RPA7OISLNGUO2KR73ES"
93 http GET https://registry.npmjs.org/hubot-irc/0.1.25
94 verbose url raw hubot-scripts/2.5.4
95 verbose url resolving [ 'https://registry.npmjs.org/', './hubot-scripts/2.5.4' ]
96 verbose url resolved https://registry.npmjs.org/hubot-scripts/2.5.4
97 info trying registry request attempt 1 at 16:35:02
98 verbose etag "1XFNJAX1K3413YNMFIACJ5KMO"
99 http GET https://registry.npmjs.org/hubot-scripts/2.5.4
100 verbose url raw optparse/1.0.5
101 verbose url resolving [ 'https://registry.npmjs.org/', './optparse/1.0.5' ]
102 verbose url resolved https://registry.npmjs.org/optparse/1.0.5
103 info trying registry request attempt 1 at 16:35:02
104 verbose etag "90TNSY36OLCHACSYBAQ1TCL36"
105 http GET https://registry.npmjs.org/optparse/1.0.5
106 verbose url raw htmlparser/1.7.6
107 verbose url resolving [ 'https://registry.npmjs.org/', './htmlparser/1.7.6' ]
108 verbose url resolved https://registry.npmjs.org/htmlparser/1.7.6
109 info trying registry request attempt 1 at 16:35:02
110 verbose etag "6D8U6FTJI6D3G2LR8VKBFA55J"
111 http GET https://registry.npmjs.org/htmlparser/1.7.6
112 verbose url raw soupselect/0.2.0
113 verbose url resolving [ 'https://registry.npmjs.org/', './soupselect/0.2.0' ]
114 verbose url resolved https://registry.npmjs.org/soupselect/0.2.0
115 info trying registry request attempt 1 at 16:35:02
116 verbose etag "1LTIIM04RZN6TZOSEHMRAHSL7"
117 http GET https://registry.npmjs.org/soupselect/0.2.0
118 verbose url raw markov/0.0.6
119 verbose url resolving [ 'https://registry.npmjs.org/', './markov/0.0.6' ]
120 verbose url resolved https://registry.npmjs.org/markov/0.0.6
121 info trying registry request attempt 1 at 16:35:02
122 verbose etag "ZMXHNSM31SLPNDR325418O3W"
123 http GET https://registry.npmjs.org/markov/0.0.6
124 verbose url raw randomstring
125 verbose url resolving [ 'https://registry.npmjs.org/', './randomstring' ]
126 verbose url resolved https://registry.npmjs.org/randomstring
127 info trying registry request attempt 1 at 16:35:02
128 verbose etag "D1TXCF2CIL4F03N1QSMQ98IMW"
129 http GET https://registry.npmjs.org/randomstring
130 http 304 https://registry.npmjs.org/optparse/1.0.5
131 silly registry.get cb [ 304,
131 silly registry.get   { date: 'Tue, 11 Feb 2014 00:35:02 GMT',
131 silly registry.get     server: 'Apache',
131 silly registry.get     connection: 'Keep-Alive',
131 silly registry.get     'keep-alive': 'timeout=10, max=50',
131 silly registry.get     etag: '"90TNSY36OLCHACSYBAQ1TCL36"',
131 silly registry.get     'cache-control': 'max-age=1',
131 silly registry.get     vary: 'Accept' } ]
132 verbose etag optparse/1.0.5 from cache
133 silly lockFile ec94014d--org-optparse-optparse-1-0-5-tgz https://registry.npmjs.org/optparse/-/optparse-1.0.5.tgz
134 verbose lock https://registry.npmjs.org/optparse/-/optparse-1.0.5.tgz /home/ben/.npm/ec94014d--org-optparse-optparse-1-0-5-tgz.lock
135 verbose addRemoteTarball [ 'https://registry.npmjs.org/optparse/-/optparse-1.0.5.tgz',
135 verbose addRemoteTarball   '75e75a96506611eb1c65ba89018ff08a981e2c16' ]
136 silly lockFile ec94014d--org-optparse-optparse-1-0-5-tgz https://registry.npmjs.org/optparse/-/optparse-1.0.5.tgz
137 silly lockFile ec94014d--org-optparse-optparse-1-0-5-tgz https://registry.npmjs.org/optparse/-/optparse-1.0.5.tgz
138 silly lockFile 756da43d-optparse-1-0-5 optparse@1.0.5
139 silly lockFile 756da43d-optparse-1-0-5 optparse@1.0.5
140 error Error: EACCES, mkdir '/home/ben/tmp/npm-8553-gjjl_S4M'
140 error  { [Error: EACCES, mkdir '/home/ben/tmp/npm-8553-gjjl_S4M']
140 error   errno: 3,
140 error   code: 'EACCES',
140 error   path: '/home/ben/tmp/npm-8553-gjjl_S4M' }
141 error Please try running this command again as root/Administrator.
142 error System Linux 3.11.0-15-generic
143 error command "/usr/bin/node" "/usr/bin/npm" "install"
144 error cwd /home/ben/Code/datadesk/open/copyboy/repo
145 error node -v v0.10.21
146 error npm -v 1.3.11
147 error path /home/ben/tmp/npm-8553-gjjl_S4M
148 error code EACCES
149 error errno 3
150 error stack Error: EACCES, mkdir '/home/ben/tmp/npm-8553-gjjl_S4M'
151 verbose exit [ 3, true ]
